SF:lib/src/stem_state.dart
DA:30,3
DA:32,4
DA:33,1
DA:36,3
DA:43,3
DA:46,2
DA:52,2
DA:54,2
DA:55,2
DA:64,2
DA:66,2
DA:73,2
DA:75,2
DA:76,0
DA:78,2
DA:79,2
DA:80,2
LF:17
LH:16
end_of_record
SF:lib/src/stem_config.dart
DA:5,0
DA:6,0
DA:7,0
DA:9,0
DA:17,2
DA:20,2
DA:21,4
DA:22,0
DA:27,2
DA:30,2
DA:31,4
DA:32,0
DA:37,1
DA:40,1
DA:41,2
DA:42,0
DA:43,0
DA:75,0
DA:78,0
DA:79,0
DA:80,0
DA:87,3
DA:88,9
DA:89,6
LF:24
LH:12
end_of_record
SF:lib/src/multi_stem_injector.dart
DA:10,0
DA:12,0
DA:14,0
DA:16,0
DA:18,0
DA:19,0
LF:6
LH:0
end_of_record
SF:lib/src/stem_state_injector.dart
DA:6,6
DA:8,4
DA:11,8
DA:13,2
DA:17,4
DA:18,2
DA:21,2
DA:22,6
DA:25,2
DA:26,6
DA:27,10
DA:31,0
DA:33,0
DA:36,0
DA:37,0
DA:40,0
DA:41,0
DA:45,0
DA:48,0
DA:50,0
DA:54,0
DA:56,0
DA:57,0
DA:60,2
DA:62,2
DA:67,4
DA:69,2
DA:70,2
DA:72,2
DA:74,2
DA:76,6
DA:78,6
DA:79,6
DA:83,2
DA:85,6
DA:86,4
DA:87,2
LF:37
LH:25
end_of_record
SF:lib/src/stem_accessor.dart
DA:10,0
DA:13,0
DA:15,0
DA:18,0
DA:19,0
DA:21,0
LF:6
LH:0
end_of_record
SF:lib/src/stem_builder.dart
DA:12,0
DA:17,0
DA:19,0
DA:20,0
DA:26,0
DA:28,0
DA:29,0
DA:30,0
DA:33,0
DA:35,0
DA:38,0
DA:39,0
DA:41,0
DA:45,0
DA:46,0
DA:47,0
DA:49,0
DA:50,0
DA:55,0
DA:56,0
DA:57,0
DA:58,0
DA:59,0
DA:64,0
DA:66,0
DA:67,0
LF:26
LH:0
end_of_record
SF:lib/src/stem_event_subscriber.dart
DA:9,0
DA:14,0
DA:16,0
DA:18,0
DA:19,0
DA:20,0
DA:21,0
DA:22,0
LF:8
LH:0
end_of_record
SF:lib/src/stem_listener.dart
DA:59,0
DA:64,0
DA:66,0
DA:67,0
DA:75,0
DA:77,0
DA:78,0
DA:79,0
DA:82,0
DA:84,0
DA:86,0
DA:87,0
DA:90,0
DA:94,0
DA:95,0
DA:96,0
DA:97,0
DA:102,0
DA:103,0
DA:104,0
DA:108,0
DA:110,0
DA:111,0
DA:137,0
DA:142,0
DA:144,0
DA:145,0
DA:153,0
DA:155,0
DA:156,0
DA:158,0
DA:161,0
DA:163,0
DA:165,0
DA:166,0
DA:169,0
DA:173,0
DA:174,0
DA:175,0
DA:176,0
DA:177,0
DA:183,0
DA:184,0
DA:185,0
DA:186,0
DA:191,0
DA:193,0
DA:194,0
LF:48
LH:0
end_of_record
SF:lib/src/stem_notifiers.dart
DA:61,1
DA:62,1
DA:66,2
DA:69,1
DA:70,1
DA:72,1
DA:74,1
DA:78,1
DA:79,1
DA:81,1
DA:82,4
DA:84,1
DA:88,0
DA:106,0
DA:112,1
DA:113,2
DA:117,1
DA:118,2
DA:119,1
DA:126,0
DA:127,0
DA:170,1
DA:175,1
DA:180,1
DA:182,1
DA:185,2
DA:186,4
DA:187,1
DA:188,1
DA:190,1
DA:191,4
DA:194,1
DA:198,0
DA:200,0
DA:201,0
DA:212,1
DA:217,1
DA:224,2
DA:227,2
DA:230,2
DA:233,3
DA:236,0
DA:239,0
DA:241,1
DA:244,1
DA:247,1
DA:248,1
DA:252,1
DA:253,1
DA:254,1
DA:255,1
DA:256,1
DA:257,2
DA:262,0
DA:263,0
DA:264,0
DA:265,0
DA:266,0
DA:271,1
DA:272,1
DA:273,1
DA:274,1
DA:275,1
DA:276,1
DA:281,0
DA:286,0
DA:287,0
DA:288,0
DA:289,0
DA:290,0
DA:293,0
DA:298,1
DA:299,1
DA:300,1
DA:302,0
DA:303,0
DA:306,0
DA:311,1
DA:312,3
LF:79
LH:55
end_of_record
SF:lib/src/utils/union_state.dart
DA:5,3
LF:1
LH:1
end_of_record
