SF:lib/src/stem_state.dart
DA:30,2
DA:36,1
DA:38,1
DA:39,0
DA:41,1
DA:42,1
DA:51,1
DA:53,1
DA:60,1
DA:62,1
DA:63,0
DA:65,1
DA:66,1
DA:67,1
LF:14
LH:12
end_of_record
SF:lib/src/stem_config.dart
DA:5,0
DA:6,0
DA:7,0
DA:9,0
DA:17,1
DA:20,1
DA:21,2
DA:22,0
DA:27,1
DA:30,1
DA:31,2
DA:32,0
DA:37,0
DA:40,0
DA:41,0
DA:42,0
DA:43,0
DA:75,0
DA:78,0
DA:79,0
DA:80,0
DA:87,1
DA:88,3
DA:89,2
LF:24
LH:9
end_of_record
SF:lib/src/multi_stem_injector.dart
DA:10,0
DA:12,0
DA:14,0
DA:16,0
DA:18,0
DA:19,0
LF:6
LH:0
end_of_record
SF:lib/src/stem_state_injector.dart
DA:6,3
DA:9,4
DA:11,1
DA:15,3
DA:16,1
DA:19,1
DA:20,3
DA:23,1
DA:24,3
DA:25,5
DA:29,0
DA:31,0
DA:34,0
DA:35,0
DA:38,0
DA:39,0
DA:43,0
DA:46,0
DA:48,0
DA:52,0
DA:54,0
DA:55,0
DA:58,1
DA:60,1
DA:65,2
DA:67,1
DA:68,1
DA:70,1
DA:72,1
DA:74,3
DA:76,3
DA:77,3
DA:81,1
DA:83,3
DA:84,2
DA:85,1
LF:36
LH:24
end_of_record
SF:lib/src/stem_accessor.dart
DA:10,0
DA:13,0
DA:15,0
DA:18,0
DA:19,0
DA:21,0
LF:6
LH:0
end_of_record
SF:lib/src/stem_builder.dart
DA:12,0
DA:17,0
DA:19,0
DA:20,0
DA:26,0
DA:28,0
DA:29,0
DA:30,0
DA:33,0
DA:35,0
DA:38,0
DA:39,0
DA:41,0
DA:45,0
DA:46,0
DA:47,0
DA:49,0
DA:50,0
DA:55,0
DA:56,0
DA:57,0
DA:58,0
DA:59,0
DA:64,0
DA:66,0
DA:67,0
LF:26
LH:0
end_of_record
SF:lib/src/stem_event_subscriber.dart
DA:9,0
DA:14,0
DA:16,0
DA:18,0
DA:19,0
DA:20,0
DA:21,0
DA:22,0
LF:8
LH:0
end_of_record
SF:lib/src/stem_listener.dart
DA:59,0
DA:64,0
DA:66,0
DA:67,0
DA:75,0
DA:77,0
DA:78,0
DA:79,0
DA:82,0
DA:84,0
DA:86,0
DA:87,0
DA:90,0
DA:94,0
DA:95,0
DA:96,0
DA:97,0
DA:102,0
DA:103,0
DA:104,0
DA:108,0
DA:110,0
DA:111,0
DA:137,0
DA:142,0
DA:144,0
DA:145,0
DA:153,0
DA:155,0
DA:156,0
DA:158,0
DA:161,0
DA:163,0
DA:165,0
DA:166,0
DA:169,0
DA:173,0
DA:174,0
DA:175,0
DA:176,0
DA:177,0
DA:183,0
DA:184,0
DA:185,0
DA:186,0
DA:191,0
DA:193,0
DA:194,0
LF:48
LH:0
end_of_record
SF:lib/src/stem_notifiers.dart
DA:61,0
DA:62,0
DA:66,0
DA:69,0
DA:70,0
DA:72,0
DA:74,0
DA:78,0
DA:79,0
DA:81,0
DA:82,0
DA:84,0
DA:88,0
DA:106,0
DA:112,0
DA:113,0
DA:117,0
DA:118,0
DA:119,0
DA:126,0
DA:127,0
DA:170,0
DA:175,0
DA:180,0
DA:182,0
DA:185,0
DA:186,0
DA:187,0
DA:188,0
DA:190,0
DA:191,0
DA:194,0
DA:198,0
DA:200,0
DA:201,0
DA:209,0
DA:214,0
DA:220,0
DA:221,0
DA:222,0
DA:224,0
DA:225,0
DA:226,0
DA:228,0
DA:231,0
DA:234,0
DA:235,0
DA:238,0
DA:239,0
DA:240,0
DA:242,0
DA:243,0
DA:246,0
DA:247,0
DA:248,0
DA:250,0
DA:253,0
DA:254,0
DA:255,0
DA:257,0
DA:258,0
DA:261,0
DA:266,0
DA:267,0
DA:268,0
DA:269,0
DA:270,0
DA:273,0
DA:277,0
DA:280,0
DA:281,0
DA:284,0
DA:285,0
DA:289,0
DA:292,0
LF:75
LH:0
end_of_record
SF:lib/src/utils/union_state.dart
DA:5,1
LF:1
LH:1
end_of_record
